This is pdfTeX, Version 3.14159265-2.6-1.40.16 (TeX Live 2015) (preloaded format=pdflatex 2015.12.4)  8 APR 2018 22:46
entering extended mode
 \write18 enabled.
 %&-line parsing enabled.
**mymacros.tex
(./mymacros.tex
LaTeX2e <2015/01/01>
Babel <3.9l> and hyphenation patterns for 79 languages loaded.

! LaTeX Error: \dfrac undefined.

See the LaTeX manual or LaTeX Companion for explanation.
Type  H <return>  for immediate help.
 ...                                              
                                                  
l.62 \renewcommand{\dfrac}
                          [2]{\displaystyle \frac{#1}{#2}}
? 
! Emergency stop.
 ...                                              
                                                  
l.62 \renewcommand{\dfrac}
                          [2]{\displaystyle \frac{#1}{#2}}
Try typing  <return>  to proceed.
If that doesn't work, type  X <return>  to quit.

 
Here is how much of TeX's memory you used:
 36 strings out of 493089
 429 string characters out of 6134842
 53199 words of memory out of 5000000
 3620 multiletter control sequences out of 15000+600000
 3640 words of font info for 14 fonts, out of 8000000 for 9000
 1141 hyphenation exceptions out of 8191
 7i,0n,6p,107b,14s stack positions out of 5000i,500n,10000p,200000b,80000s
!  ==> Fatal error occurred, no output PDF file produced!
